Mass
      4196.46753

Maximum vertical displacement
         3.93957

Maximum element stress
     20463.50130

Vertical displacement node 1
        -3.79513

Vertical displacement node 2
        -3.93957

Vertical displacement node 3
        -1.67435

Vertical displacement node 4
        -1.80212

Stress element 1
     19536.49870

Stress element 2
      4012.46323

Stress element 3
    -20463.50130

Stress element 4
     -5987.53677

Stress element 5
      3548.96192

Stress element 6
      4012.46323

Stress element 7
     14797.62545

Stress element 8
    -13486.64579

Stress element 9
      8467.65571

Stress element 10
     -5674.47991

Calculation completed successfully
