Mass
      4196.46753

Maximum vertical displacement
         5.79760

Maximum element stress
     30121.06834

Vertical displacement node 1
        -5.79760

Vertical displacement node 2
        -5.47533

Vertical displacement node 3
        -2.08155

Vertical displacement node 4
        -2.11492

Stress element 1
     29878.93166

Stress element 2
     11048.07094

Stress element 3
    -30121.06834

Stress element 4
     -8951.92906

Stress element 5
       927.00261

Stress element 6
     -8951.92906

Stress element 7
     14313.35211

Stress element 8
    -13970.91914

Stress element 9
     12659.93948

Stress element 10
    -15624.33177

Calculation completed successfully
